<?xml version="1.0" encoding="UTF-8"?>
<testng-results ignored="0" total="2" passed="2" failed="0" skipped="0">
  <reporter-output>
  </reporter-output>
  <suite started-at="2024-05-06T00:20:16 IST" name="Surefire suite" finished-at="2024-05-06T00:20:27 IST" duration-ms="10681">
    <groups>
    </groups>
    <test started-at="2024-05-06T00:20:16 IST" name="Surefire test" finished-at="2024-05-06T00:20:27 IST" duration-ms="10681">
      <class name="mavendemo.TestNGExample">
        <test-method signature="basicOfTestNG01()[pri:0, instance:mavendemo.TestNGExample@78b729e6]" started-at="2024-05-06T00:20:16 IST" name="basicOfTestNG01" finished-at="2024-05-06T00:20:21 IST" duration-ms="4749" status="PASS">
          <reporter-output>
          </reporter-output>
        </test-method> <!-- basicOfTestNG01 -->
        <test-method signature="basicOfTestNG02()[pri:0, instance:mavendemo.TestNGExample@78b729e6]" started-at="2024-05-06T00:20:21 IST" name="basicOfTestNG02" finished-at="2024-05-06T00:20:27 IST" duration-ms="5843" status="PASS">
          <reporter-output>
          </reporter-output>
        </test-method> <!-- basicOfTestNG02 -->
      </class> <!-- mavendemo.TestNGExample -->
    </test> <!-- Surefire test -->
  </suite> <!-- Surefire suite -->
</testng-results>
